{
  "RSpec": {
    "coverage": {
      "/Users/drichards/PersonalCode/books/spec/controllers/books_controller_spec.rb": [
        1,
        null,
        1,
        6,
        3,
        null,
        1,
        null,
        1,
        1,
        1,
        null,
        1,
        null,
        1,
        null,
        null,
        null,
        1,
        1,
        1,
        null,
        1,
        null,
        1,
        null,
        null,
        null,
        1,
        1,
        1,
        null,
        1,
        null,
        1,
        null,
        null,
        null,
        1,
        1,
        1,
        null,
        1,
        null,
        null,
        null,
        1,
        1,
        1,
        null,
        null,
        null,
        null,
        null,
        null,
        null,
        1,
        null,
        1,
        null,
        null,
        null,
        1,
        1,
        null,
        1,
        1,
        null,
        null,
        null,
        null
      ],
      "/Users/drichards/PersonalCode/books/spec/rails_helper.rb": [
        null,
        1,
        1,
        null,
        1,
        1,
        null,
        null,
        null,
        null,
        null,
        null,
        null,
        null,
        null,
        null,
        null,
        null,
        null,
        null,
        null,
        null,
        null,
        null,
        null,
        1,
        null,
        1,
        null,
        1,
        null,
        null,
        null,
        null,
        1,
        null,
        null,
        null,
        null,
        null,
        null,
        null,
        null,
        null,
        null,
        null,
        null,
        null,
        null,
        1,
        null,
        null,
        1,
        null,
        null,
        null,
        1,
        1,
        1,
        1,
        null,
        null,
        null
      ],
      "/Users/drichards/PersonalCode/books/config/environment.rb": [
        null,
        1,
        null,
        null,
        null,
        1
      ],
      "/Users/drichards/PersonalCode/books/config/application.rb": [
        1,
        null,
        1,
        null,
        null,
        null,
        1,
        null,
        1,
        1,
        null,
        1,
        null,
        null,
        null,
        null,
        null,
        null
      ],
      "/Users/drichards/PersonalCode/books/config/boot.rb": [
        1,
        null,
        1
      ],
      "/Users/drichards/PersonalCode/books/config/environments/test.rb": [
        1,
        null,
        null,
        null,
        null,
        null,
        null,
        1,
        null,
        null,
        null,
        null,
        1,
        null,
        null,
        1,
        1,
        null,
        null,
        null,
        null,
        1,
        1,
        null,
        null,
        1,
        null,
        null,
        1,
        1,
        null,
        null,
        null,
        null,
        1,
        null,
        null,
        1,
        null,
        null,
        null,
        null
      ],
      "/Users/drichards/PersonalCode/books/config/initializers/application_controller_renderer.rb": [
        null,
        null,
        null,
        null,
        null,
        null,
        null,
        null
      ],
      "/Users/drichards/PersonalCode/books/config/initializers/assets.rb": [
        null,
        null,
        null,
        1,
        null,
        null,
        null,
        null,
        1,
        null,
        null,
        null,
        null,
        null
      ],
      "/Users/drichards/PersonalCode/books/config/initializers/backtrace_silencers.rb": [
        null,
        null,
        null,
        null,
        null,
        null,
        null
      ],
      "/Users/drichards/PersonalCode/books/config/initializers/cookies_serializer.rb": [
        null,
        null,
        null,
        null,
        1
      ],
      "/Users/drichards/PersonalCode/books/config/initializers/date.rb": [
        1
      ],
      "/Users/drichards/PersonalCode/books/config/initializers/filter_parameter_logging.rb": [
        null,
        null,
        null,
        1
      ],
      "/Users/drichards/PersonalCode/books/config/initializers/inflections.rb": [
        null,
        null,
        null,
        null,
        null,
        null,
        null,
        null,
        null,
        null,
        null,
        null,
        null,
        null,
        null,
        null
      ],
      "/Users/drichards/PersonalCode/books/config/initializers/mime_types.rb": [
        null,
        null,
        null,
        null
      ],
      "/Users/drichards/PersonalCode/books/config/initializers/wrap_parameters.rb": [
        null,
        null,
        null,
        null,
        null,
        null,
        1,
        2,
        null,
        null,
        null,
        null,
        null,
        null
      ],
      "/Users/drichards/PersonalCode/books/config/routes.rb": [
        1,
        1,
        null,
        1,
        null,
        1,
        null
      ],
      "/Users/drichards/PersonalCode/books/app/helpers/application_helper.rb": [
        1,
        null
      ],
      "/Users/drichards/PersonalCode/books/app/helpers/books_helper.rb": [
        1,
        null
      ],
      "/Users/drichards/PersonalCode/books/app/helpers/reports_helper.rb": [
        1,
        null
      ],
      "/Users/drichards/PersonalCode/books/app/controllers/books_controller.rb": [
        1,
        1,
        1,
        null,
        null,
        1,
        1,
        null,
        null,
        1,
        1,
        null,
        null,
        1,
        1,
        null,
        null,
        1,
        1,
        1,
        null,
        1,
        null,
        null,
        null,
        null,
        null,
        null,
        1,
        1,
        1,
        null,
        0,
        null,
        null,
        null,
        1,
        1,
        null,
        1,
        1,
        null,
        null,
        null,
        null,
        null,
        1,
        null,
        1,
        1,
        null,
        0,
        null,
        null,
        null,
        1,
        null,
        1,
        2,
        2,
        null,
        null,
        1,
        4,
        null,
        2,
        null,
        2,
        0,
        0,
        null,
        null,
        2,
        2,
        null,
        null,
        2,
        null,
        null,
        1,
        6,
        null,
        null,
        1,
        4,
        null,
        null
      ],
      "/Users/drichards/PersonalCode/books/app/controllers/application_controller.rb": [
        1,
        1,
        null
      ],
      "/Users/drichards/PersonalCode/books/spec/helpers/books_helper_spec.rb": [

      ],
      "/Users/drichards/PersonalCode/books/spec/models/author_spec.rb": [
        1,
        null,
        1,
        2,
        null
      ],
      "/Users/drichards/PersonalCode/books/app/models/author.rb": [
        1,
        1,
        1,
        null
      ],
      "/Users/drichards/PersonalCode/books/app/models/application_record.rb": [
        1,
        1,
        null
      ],
      "/Users/drichards/PersonalCode/books/spec/models/book_spec.rb": [
        1,
        null,
        1,
        2,
        2,
        2,
        4,
        null,
        1,
        1,
        null,
        1,
        1,
        null,
        null,
        1,
        null,
        null,
        null,
        1,
        1,
        1,
        null,
        null,
        null,
        1,
        1,
        1,
        null,
        null,
        1,
        1,
        null,
        null,
        null,
        1,
        2,
        2,
        null,
        1,
        1,
        1,
        null,
        1,
        null,
        null,
        null
      ],
      "/Users/drichards/PersonalCode/books/app/models/book.rb": [
        1,
        1,
        null,
        1,
        null,
        1,
        1,
        1,
        null,
        1,
        3,
        null,
        null,
        1,
        null,
        1,
        15,
        1,
        1,
        null,
        null,
        null,
        null
      ],
      "/Users/drichards/PersonalCode/books/spec/models/format_spec.rb": [
        1,
        null,
        1,
        null
      ],
      "/Users/drichards/PersonalCode/books/app/models/format.rb": [
        1,
        1,
        null
      ],
      "/Users/drichards/PersonalCode/books/spec/views/books/index.html.erb_spec.rb": [

      ],
      "/Users/drichards/PersonalCode/books/app/models/authorship.rb": [
        1,
        1,
        1,
        null
      ]
    },
    "timestamp": 1522948141
  }
}
