{
  "RSpec": {
    "coverage": {
      "/Users/drichards/PersonalCode/books/spec/features/books/view_all_books.rb": [
        1,
        null,
        1,
        1,
        1,
        null,
        1,
        null,
        null,
        null,
        null,
        null,
        null,
        1,
        1,
        null,
        1,
        null,
        null
      ],
      "/Users/drichards/PersonalCode/books/spec/rails_helper.rb": [
        null,
        1,
        1,
        null,
        1,
        1,
        1,
        null,
        null,
        null,
        null,
        null,
        null,
        null,
        null,
        null,
        null,
        null,
        null,
        null,
        null,
        null,
        null,
        null,
        null,
        null,
        1,
        null,
        1,
        null,
        1,
        null,
        null,
        null,
        null,
        1,
        null,
        null,
        null,
        null,
        null,
        null,
        null,
        null,
        null,
        null,
        null,
        null,
        null,
        null,
        1,
        null,
        null,
        1,
        null,
        null,
        null,
        1,
        1,
        1,
        1,
        null,
        null,
        null
      ],
      "/Users/drichards/PersonalCode/books/config/environment.rb": [
        null,
        1,
        null,
        null,
        null,
        1
      ],
      "/Users/drichards/PersonalCode/books/config/application.rb": [
        1,
        null,
        1,
        null,
        null,
        null,
        1,
        null,
        1,
        1,
        null,
        1,
        null,
        null,
        null,
        null,
        null,
        null
      ],
      "/Users/drichards/PersonalCode/books/config/boot.rb": [
        1,
        null,
        1
      ],
      "/Users/drichards/PersonalCode/books/config/environments/test.rb": [
        1,
        null,
        null,
        null,
        null,
        null,
        null,
        1,
        null,
        null,
        null,
        null,
        1,
        null,
        null,
        1,
        1,
        null,
        null,
        null,
        null,
        1,
        1,
        null,
        null,
        1,
        null,
        null,
        1,
        1,
        null,
        null,
        null,
        null,
        1,
        null,
        null,
        1,
        null,
        null,
        null,
        null
      ],
      "/Users/drichards/PersonalCode/books/config/initializers/application_controller_renderer.rb": [
        null,
        null,
        null,
        null,
        null,
        null,
        null,
        null
      ],
      "/Users/drichards/PersonalCode/books/config/initializers/assets.rb": [
        null,
        null,
        null,
        1,
        null,
        null,
        null,
        null,
        1,
        null,
        null,
        null,
        null,
        null
      ],
      "/Users/drichards/PersonalCode/books/config/initializers/backtrace_silencers.rb": [
        null,
        null,
        null,
        null,
        null,
        null,
        null
      ],
      "/Users/drichards/PersonalCode/books/config/initializers/cookies_serializer.rb": [
        null,
        null,
        null,
        null,
        1
      ],
      "/Users/drichards/PersonalCode/books/config/initializers/date.rb": [
        1
      ],
      "/Users/drichards/PersonalCode/books/config/initializers/filter_parameter_logging.rb": [
        null,
        null,
        null,
        1
      ],
      "/Users/drichards/PersonalCode/books/config/initializers/inflections.rb": [
        null,
        null,
        null,
        null,
        null,
        null,
        null,
        null,
        null,
        null,
        null,
        null,
        null,
        null,
        null,
        null
      ],
      "/Users/drichards/PersonalCode/books/config/initializers/mime_types.rb": [
        null,
        null,
        null,
        null
      ],
      "/Users/drichards/PersonalCode/books/config/initializers/wrap_parameters.rb": [
        null,
        null,
        null,
        null,
        null,
        null,
        1,
        2,
        null,
        null,
        null,
        null,
        null,
        null
      ],
      "/Users/drichards/PersonalCode/books/config/routes.rb": [
        1,
        1,
        null,
        1,
        null,
        1,
        null
      ],
      "/Users/drichards/PersonalCode/books/app/helpers/application_helper.rb": [
        1,
        null
      ],
      "/Users/drichards/PersonalCode/books/app/helpers/books_helper.rb": [
        1,
        null
      ],
      "/Users/drichards/PersonalCode/books/app/helpers/reports_helper.rb": [
        1,
        null
      ],
      "/Users/drichards/PersonalCode/books/app/models/format.rb": [
        1,
        1,
        null
      ],
      "/Users/drichards/PersonalCode/books/app/models/application_record.rb": [
        1,
        1,
        null
      ],
      "/Users/drichards/PersonalCode/books/app/models/book.rb": [
        1,
        1,
        null,
        1,
        null,
        1,
        1,
        1,
        null,
        1,
        0,
        null,
        null,
        1,
        null,
        1,
        1,
        0,
        0,
        null,
        null,
        null,
        null
      ],
      "/Users/drichards/PersonalCode/books/app/controllers/books_controller.rb": [
        1,
        1,
        1,
        null,
        null,
        1,
        0,
        null,
        null,
        1,
        0,
        null,
        null,
        1,
        0,
        null,
        null,
        1,
        0,
        0,
        null,
        0,
        null,
        null,
        null,
        null,
        null,
        null,
        0,
        0,
        0,
        null,
        0,
        null,
        null,
        null,
        1,
        0,
        null,
        0,
        0,
        null,
        null,
        null,
        null,
        null,
        0,
        null,
        0,
        0,
        null,
        0,
        null,
        null,
        null,
        1,
        null,
        1,
        0,
        null,
        null,
        1,
        0,
        0,
        null,
        0,
        0,
        null,
        0,
        null,
        null,
        1,
        0,
        null,
        null,
        1,
        0,
        null,
        null
      ],
      "/Users/drichards/PersonalCode/books/app/controllers/application_controller.rb": [
        1,
        1,
        null
      ]
    },
    "timestamp": 1523235728
  }
}
